<?xml version="1.0" encoding="UTF-8"?>
<testng-results ignored="0" total="5" passed="0" failed="5" skipped="0">
  <reporter-output>
  </reporter-output>
  <suite started-at="2023-09-03T21:53:53 IST" name="Default suite" finished-at="2023-09-03T21:53:56 IST" duration-ms="2361">
    <groups>
      <group name="cucumber">
        <method signature="AbstractTestNGCucumberTests.runScenario(io.cucumber.testng.PickleWrapper, io.cucumber.testng.FeatureWrapper)[pri:0, instance:runner.Runner@6f204a1a]" name="runScenario" class="io.cucumber.testng.AbstractTestNGCucumberTests"/>
      </group> <!-- cucumber -->
    </groups>
    <test started-at="2023-09-03T21:53:53 IST" name="Default test" finished-at="2023-09-03T21:53:56 IST" duration-ms="2361">
      <class name="runner.Runner">
        <test-method is-config="true" signature="setUpClass(org.testng.ITestContext)[pri:0, instance:runner.Runner@6f204a1a]" started-at="2023-09-03T21:53:53 IST" name="setUpClass" finished-at="2023-09-03T21:53:54 IST" duration-ms="524" status="PASS">
          <params>
            <param index="0">
              <value>
                <![CDATA[org.testng.TestRunner@41f4fe5]]>
              </value>
            </param>
          </params>
          <reporter-output>
          </reporter-output>
        </test-method> <!-- setUpClass -->
        <test-method signature="runScenario(io.cucumber.testng.PickleWrapper, io.cucumber.testng.FeatureWrapper)[pri:0, instance:runner.Runner@6f204a1a]" started-at="2023-09-03T21:53:54 IST" name="runScenario" description="Runs Cucumber Scenarios" data-provider="scenarios" finished-at="2023-09-03T21:53:54 IST" duration-ms="87" status="FAIL">
          <params>
            <param index="0">
              <value>
                <![CDATA["Test the login functionality of OrangeHRM"]]>
              </value>
            </param>
            <param index="1">
              <value>
                <![CDATA["Login to OrangeHRM"]]>
              </value>
            </param>
          </params>
          <exception class="java.lang.Error">
            <message>
              <![CDATA[Unresolved compilation problem: 
Unhandled exception type SocketException
]]>
            </message>
            <full-stacktrace>
              <![CDATA[java.lang.Error: Unresolved compilation problem: 
Unhandled exception type SocketException

at StepDefinition.login_SD.user_opens_the_browser_and_OrangeHRM_application_using(login_SD.java:20)
at ✽.User opens the "Chrome" browser and OrangeHRM application using "https://opensource-demo.orangehrmlive.com/web/index.php/auth/login"(file:///C:/Users/Kedar/eclipse-workspace/Pooja/SeleniumMavenProject-TestNG/CucumberTestngMavenUITesting/src/test/resources/Features/login.feature:6)
]]>
            </full-stacktrace>
          </exception> <!-- java.lang.Error -->
          <reporter-output>
          </reporter-output>
        </test-method> <!-- runScenario -->
        <test-method signature="runScenario(io.cucumber.testng.PickleWrapper, io.cucumber.testng.FeatureWrapper)[pri:0, instance:runner.Runner@6f204a1a]" started-at="2023-09-03T21:53:54 IST" name="runScenario" description="Runs Cucumber Scenarios" data-provider="scenarios" finished-at="2023-09-03T21:53:54 IST" duration-ms="10" status="FAIL">
          <params>
            <param index="0">
              <value>
                <![CDATA["Test the login functionality with multiple Username and Password in OrangeHRM"]]>
              </value>
            </param>
            <param index="1">
              <value>
                <![CDATA["Login to OrangeHRM"]]>
              </value>
            </param>
          </params>
          <exception class="java.lang.Error">
            <message>
              <![CDATA[Unresolved compilation problem: 
Unhandled exception type SocketException
]]>
            </message>
            <full-stacktrace>
              <![CDATA[java.lang.Error: Unresolved compilation problem: 
Unhandled exception type SocketException

at StepDefinition.login_SD.user_opens_the_browser_and_OrangeHRM_application_using(login_SD.java:20)
at ✽.User opens the "Chrome" browser and OrangeHRM application using "https://opensource-demo.orangehrmlive.com/web/index.php/auth/login"(file:///C:/Users/Kedar/eclipse-workspace/Pooja/SeleniumMavenProject-TestNG/CucumberTestngMavenUITesting/src/test/resources/Features/login.feature:13)
]]>
            </full-stacktrace>
          </exception> <!-- java.lang.Error -->
          <reporter-output>
          </reporter-output>
        </test-method> <!-- runScenario -->
        <test-method signature="runScenario(io.cucumber.testng.PickleWrapper, io.cucumber.testng.FeatureWrapper)[pri:0, instance:runner.Runner@6f204a1a]" started-at="2023-09-03T21:53:54 IST" name="runScenario" description="Runs Cucumber Scenarios" data-provider="scenarios" finished-at="2023-09-03T21:53:54 IST" duration-ms="13" status="FAIL">
          <params>
            <param index="0">
              <value>
                <![CDATA["Test the login functionality with multiple Username and Password in OrangeHRM"]]>
              </value>
            </param>
            <param index="1">
              <value>
                <![CDATA["Login to OrangeHRM"]]>
              </value>
            </param>
          </params>
          <exception class="java.lang.Error">
            <message>
              <![CDATA[Unresolved compilation problem: 
Unhandled exception type SocketException
]]>
            </message>
            <full-stacktrace>
              <![CDATA[java.lang.Error: Unresolved compilation problem: 
Unhandled exception type SocketException

at StepDefinition.login_SD.user_opens_the_browser_and_OrangeHRM_application_using(login_SD.java:20)
at ✽.User opens the "Chrome" browser and OrangeHRM application using "https://opensource-demo.orangehrmlive.com/web/index.php/auth/login"(file:///C:/Users/Kedar/eclipse-workspace/Pooja/SeleniumMavenProject-TestNG/CucumberTestngMavenUITesting/src/test/resources/Features/login.feature:13)
]]>
            </full-stacktrace>
          </exception> <!-- java.lang.Error -->
          <reporter-output>
          </reporter-output>
        </test-method> <!-- runScenario -->
        <test-method signature="runScenario(io.cucumber.testng.PickleWrapper, io.cucumber.testng.FeatureWrapper)[pri:0, instance:runner.Runner@6f204a1a]" started-at="2023-09-03T21:53:54 IST" name="runScenario" description="Runs Cucumber Scenarios" data-provider="scenarios" finished-at="2023-09-03T21:53:54 IST" duration-ms="9" status="FAIL">
          <params>
            <param index="0">
              <value>
                <![CDATA["Test the login functionality with multiple Username and Password in OrangeHRM"]]>
              </value>
            </param>
            <param index="1">
              <value>
                <![CDATA["Login to OrangeHRM"]]>
              </value>
            </param>
          </params>
          <exception class="java.lang.Error">
            <message>
              <![CDATA[Unresolved compilation problem: 
Unhandled exception type SocketException
]]>
            </message>
            <full-stacktrace>
              <![CDATA[java.lang.Error: Unresolved compilation problem: 
Unhandled exception type SocketException

at StepDefinition.login_SD.user_opens_the_browser_and_OrangeHRM_application_using(login_SD.java:20)
at ✽.User opens the "Chrome" browser and OrangeHRM application using "https://opensource-demo.orangehrmlive.com/web/index.php/auth/login"(file:///C:/Users/Kedar/eclipse-workspace/Pooja/SeleniumMavenProject-TestNG/CucumberTestngMavenUITesting/src/test/resources/Features/login.feature:13)
]]>
            </full-stacktrace>
          </exception> <!-- java.lang.Error -->
          <reporter-output>
          </reporter-output>
        </test-method> <!-- runScenario -->
        <test-method signature="runScenario(io.cucumber.testng.PickleWrapper, io.cucumber.testng.FeatureWrapper)[pri:0, instance:runner.Runner@6f204a1a]" started-at="2023-09-03T21:53:54 IST" name="runScenario" description="Runs Cucumber Scenarios" data-provider="scenarios" finished-at="2023-09-03T21:53:54 IST" duration-ms="9" status="FAIL">
          <params>
            <param index="0">
              <value>
                <![CDATA["Test the login functionality with multiple Username and Password in OrangeHRM"]]>
              </value>
            </param>
            <param index="1">
              <value>
                <![CDATA["Login to OrangeHRM"]]>
              </value>
            </param>
          </params>
          <exception class="java.lang.Error">
            <message>
              <![CDATA[Unresolved compilation problem: 
Unhandled exception type SocketException
]]>
            </message>
            <full-stacktrace>
              <![CDATA[java.lang.Error: Unresolved compilation problem: 
Unhandled exception type SocketException

at StepDefinition.login_SD.user_opens_the_browser_and_OrangeHRM_application_using(login_SD.java:20)
at ✽.User opens the "Chrome" browser and OrangeHRM application using "https://opensource-demo.orangehrmlive.com/web/index.php/auth/login"(file:///C:/Users/Kedar/eclipse-workspace/Pooja/SeleniumMavenProject-TestNG/CucumberTestngMavenUITesting/src/test/resources/Features/login.feature:13)
]]>
            </full-stacktrace>
          </exception> <!-- java.lang.Error -->
          <reporter-output>
          </reporter-output>
        </test-method> <!-- runScenario -->
        <test-method is-config="true" signature="tearDownClass()[pri:0, instance:runner.Runner@6f204a1a]" started-at="2023-09-03T21:53:54 IST" name="tearDownClass" finished-at="2023-09-03T21:53:55 IST" duration-ms="1674" status="PASS">
          <reporter-output>
          </reporter-output>
        </test-method> <!-- tearDownClass -->
      </class> <!-- runner.Runner -->
    </test> <!-- Default test -->
  </suite> <!-- Default suite -->
</testng-results>
